<?xml version="1.0" encoding="UTF-8"?>
<!-- Generated by org.testng.reporters.JUnitXMLReporter -->
<testsuite ignored="0" hostname="LAPTOP-JJLOS5M5" failures="0" tests="4" name="Default test" time="53.063" errors="0" timestamp="2024-11-26T19:16:39 IST">
  <testcase classname="automation.FitPeoAutomation" name="navigateToHomepage" time="4.46"/>
  <testcase classname="automation.FitPeoAutomation" name="navigateToRevenueCalculatorPage" time="1.299"/>
  <testcase classname="automation.FitPeoAutomation" name="adjustSliderAndUpdateTextField" time="34.22"/>
  <testcase classname="automation.FitPeoAutomation" name="selectCPTCodesAndValidateReimbursement" time="10.207"/>
</testsuite> <!-- Default test -->
